[+] Containers:
 |- [+] Container: /Game/Finnmap
 |   |- [+] ActorDescs:
 |   |   |- Guid:016FE7A44AB6900436C2FFA4E91199F3 BaseClass: NativeClass:/Script/Engine.SkyAtmosphere Name:SkyAtmosphere_0 Label:SkyAtmosphere SpatiallyLoaded:0 Bounds:IsValid=true, Min=(X=0.000 Y=0.000 Z=1020.000), Max=(X=0.000 Y=0.000 Z=1020.000) RuntimeGrid:None EditorOnly:0 RuntimeOnly:0 HLODRelevant:0 FolderPath:Lighting FolderGuid:0BA5F0A04EADB18E70D5B180D08FA34B
 |   |   |- Guid:0C68E5134A30B6A4D9E26B9E8095057B BaseClass: NativeClass:/Script/Engine.StaticMeshActor Name:StaticMeshActor_0 Label:SM_Cube SpatiallyLoaded:1 Bounds:IsValid=true, Min=(X=0.000 Y=0.000 Z=-50.000), Max=(X=3000.000 Y=3500.000 Z=500.000) RuntimeGrid:None EditorOnly:0 RuntimeOnly:0 HLODRelevant:1 FolderPath:Playground FolderGuid:6C02BB504B69D1F3D7A624B130C18E5B
 |   |   |- Guid:1BF9CD0C45FAD10EC5B2A19A06608777 BaseClass:/Game/Objects/Ingredient3.Ingredient3_C NativeClass:/Script/Engine.Actor Name:Ingredient3_C_UAID_00E2696DD10DD2DF01_1974711614 Label:Ingredient3 SpatiallyLoaded:1 Bounds:IsValid=true, Min=(X=1400.000 Y=1170.000 Z=-0.000), Max=(X=1560.000 Y=1330.000 Z=160.000) RuntimeGrid:None EditorOnly:0 RuntimeOnly:0 HLODRelevant:0
 |   |   |- Guid:24B387DF4E7136E23FD4E795767D22B3 BaseClass: NativeClass:/Script/Engine.DirectionalLight Name:DirectionalLight_1 Label:DirectionalLight SpatiallyLoaded:0 Bounds:IsValid=true, Min=(X=-4398046511104.000 Y=-4398046511104.000 Z=-4398046511104.000), Max=(X=4398046511104.000 Y=4398046511104.000 Z=4398046511104.000) RuntimeGrid:None EditorOnly:0 RuntimeOnly:0 HLODRelevant:0 FolderPath:Lighting FolderGuid:0BA5F0A04EADB18E70D5B180D08FA34B
 |   |   |- Guid:3026913343353DEB445F11B3B1B0A55E BaseClass:/Game/Objects/Ingredients/BP_IngredientEye.BP_IngredientEye_C NativeClass:/Script/Engine.Actor Name:BP_IngredientEye_C_UAID_D8BBC18EB820F9DF01_1720485472 Label:BP_IngredientEye SpatiallyLoaded:1 Bounds:IsValid=true, Min=(X=1422.000 Y=1942.000 Z=32.000), Max=(X=1518.000 Y=2038.000 Z=128.000) RuntimeGrid:None EditorOnly:0 RuntimeOnly:0 HLODRelevant:0
 |   |   |- Guid:30D94C06485E3EE109EDE2A49807699E BaseClass: NativeClass:/Script/Engine.PlayerStart Name:PlayerStart_0 Label:PlayerStart SpatiallyLoaded:0 Bounds:IsValid=true, Min=(X=2740.000 Y=1470.000 Z=0.013), Max=(X=2820.000 Y=1550.000 Z=184.013) RuntimeGrid:None EditorOnly:0 RuntimeOnly:0 HLODRelevant:0
 |   |   |- Guid:35926A19458D05687BB6BC9CC5BB566A BaseClass:/Game/Objects/Ingredients/BP_IngredientFinger.BP_IngredientFinger_C NativeClass:/Script/Engine.Actor Name:BP_IngredientFinger_C_UAID_D8BBC18EB820FADF01_1182263649 Label:BP_IngredientFinger SpatiallyLoaded:1 Bounds:IsValid=true, Min=(X=1132.000 Y=2002.000 Z=2.000), Max=(X=1228.000 Y=2098.000 Z=98.000) RuntimeGrid:None EditorOnly:0 RuntimeOnly:0 HLODRelevant:0
 |   |   |- Guid:3A028F6949C3D6FAD48D7695DF15B7E8 BaseClass: NativeClass:/Script/Engine.PointLight Name:PointLight_UAID_00E2696DD10DD8DF01_1779464665 Label:PointLight3 SpatiallyLoaded:1 Bounds:IsValid=true, Min=(X=260.000 Y=1050.000 Z=-790.000), Max=(X=2260.000 Y=3050.000 Z=1210.000) RuntimeGrid:None EditorOnly:0 RuntimeOnly:0 HLODRelevant:0
 |   |   |- Guid:3C52D8014E2E4E3DD87D6ABFC9550F4F BaseClass:/Game/Objects/BP_Cauldron.BP_Cauldron_C NativeClass:/Script/Engine.Actor Name:BP_Cauldron_C_UAID_00E2696DD10DCFDF01_2100869079 Label:BP_Cauldron SpatiallyLoaded:1 Bounds:IsValid=true, Min=(X=1360.000 Y=1590.000 Z=-386.000), Max=(X=1640.000 Y=1870.000 Z=426.000) RuntimeGrid:None EditorOnly:0 RuntimeOnly:0 HLODRelevant:0
 |   |   |- Guid:4347DD0C4A72D3ABB90160A97B3F8871 BaseClass:/Game/Objects/Ingredient2.Ingredient2_C NativeClass:/Script/Engine.Actor Name:Ingredient2_C_UAID_00E2696DD10DD2DF01_1574276613 Label:Ingredient2 SpatiallyLoaded:1 Bounds:IsValid=true, Min=(X=1200.000 Y=900.000 Z=90.000), Max=(X=1360.000 Y=1060.000 Z=250.000) RuntimeGrid:None EditorOnly:0 RuntimeOnly:0 HLODRelevant:0
 |   |   |- Guid:451AF9224A7DEB0D82B261BA055F6A9C BaseClass:/Game/Objects/BP_Knife.BP_Knife_C NativeClass:/Script/Engine.Actor Name:BP_Knife_C_UAID_D8BBC18EB82039E001_1528870737 Label:BP_Knife SpatiallyLoaded:1 Bounds:IsValid=true, Min=(X=2235.298 Y=1002.346 Z=-190.470), Max=(X=2427.298 Y=1386.346 Z=449.530) RuntimeGrid:None EditorOnly:0 RuntimeOnly:0 HLODRelevant:0
 |   |   |- Guid:4BC11D0E48B8F153DD9F979B677F1B86 BaseClass: NativeClass:/Script/Engine.PointLight Name:PointLight_UAID_00E2696DD10DD8DF01_1773252663 Label:PointLight SpatiallyLoaded:1 Bounds:IsValid=true, Min=(X=1250.000 Y=50.000 Z=-790.000), Max=(X=3250.000 Y=2050.000 Z=1210.000) RuntimeGrid:None EditorOnly:0 RuntimeOnly:0 HLODRelevant:0
 |   |   |- Guid:4F9EBA094C74F198AB383EB331AF9FD7 BaseClass: NativeClass:/Script/Engine.StaticMeshActor Name:StaticMeshActor_UAID_A4AE111137DC5EFB00_2001720423 Label:SM_SkySphere SpatiallyLoaded:0 Bounds:IsValid=true, Min=(X=-1638400.000 Y=-1638400.000 Z=-1638400.000), Max=(X=1638400.000 Y=1638400.000 Z=1638400.000) RuntimeGrid:None EditorOnly:0 RuntimeOnly:0 HLODRelevant:1 FolderPath:Lighting FolderGuid:0BA5F0A04EADB18E70D5B180D08FA34B
 |   |   |- Guid:676D6BE04A08E175D1BD09A03E54940D BaseClass:/Game/Objects/BP_Fire.BP_Fire_C NativeClass:/Script/Engine.Actor Name:BP_Fire_C_UAID_D8BBC18EB82039E001_1317554736 Label:BP_Fire SpatiallyLoaded:1 Bounds:IsValid=true, Min=(X=1970.000 Y=2030.000 Z=-80.000), Max=(X=2130.000 Y=2190.000 Z=80.000) RuntimeGrid:None EditorOnly:0 RuntimeOnly:0 HLODRelevant:0
 |   |   |- Guid:769924614502F92D0528D3830400F158 BaseClass:/Game/Objects/BP_SummoningCircle.BP_SummoningCircle_C NativeClass:/Script/Engine.Actor Name:BP_SummoningCircle_C_UAID_00E2696DD10DD0DF01_1093421256 Label:BP_SummoningCircle SpatiallyLoaded:1 Bounds:IsValid=true, Min=(X=1297.178 Y=995.613 Z=-131.039), Max=(X=1681.178 Y=1379.613 Z=12.961) RuntimeGrid:None EditorOnly:0 RuntimeOnly:0 HLODRelevant:0
 |   |   |- Guid:77758910453077E9CC17DB9356C481BD BaseClass: NativeClass:/Script/Engine.SkyLight Name:SkyLight_0 Label:SkyLight SpatiallyLoaded:0 Bounds:IsValid=true, Min=(X=0.000 Y=0.000 Z=690.000), Max=(X=0.000 Y=0.000 Z=690.000) RuntimeGrid:None EditorOnly:0 RuntimeOnly:0 HLODRelevant:0 FolderPath:Lighting FolderGuid:0BA5F0A04EADB18E70D5B180D08FA34B
 |   |   |- Guid:81501F6C401222B5B5B8BF82834498B3 BaseClass:/Game/Objects/Ingredients/BP_IngredientCarrot.BP_IngredientCarrot_C NativeClass:/Script/Engine.Actor Name:BP_IngredientCarrot_C_UAID_D8BBC18EB820F9DF01_1352631471 Label:BP_IngredientCarrot SpatiallyLoaded:1 Bounds:IsValid=true, Min=(X=1292.000 Y=2012.000 Z=32.000), Max=(X=1388.000 Y=2108.000 Z=128.000) RuntimeGrid:None EditorOnly:0 RuntimeOnly:0 HLODRelevant:0
 |   |   |- Guid:9DA8D9AB446A3930A34A5FA78608D63E BaseClass: NativeClass:/Script/Engine.ExponentialHeightFog Name:ExponentialHeightFog_0 Label:ExponentialHeightFog SpatiallyLoaded:0 Bounds:IsValid=true, Min=(X=-5600.000 Y=-50.000 Z=-6850.000), Max=(X=-5600.000 Y=-50.000 Z=-6850.000) RuntimeGrid:None EditorOnly:0 RuntimeOnly:0 HLODRelevant:0 FolderPath:Lighting FolderGuid:0BA5F0A04EADB18E70D5B180D08FA34B
 |   |   |- Guid:9FFAD8C842FDB0B8C64EC4BCE24DDCF4 BaseClass:/Game/Objects/BP_MortarAndPestle.BP_MortarAndPestle_C NativeClass:/Script/Engine.Actor Name:BP_MortarAndPestle_C_UAID_D8BBC18EB82039E001_1879764738 Label:BP_MortarAndPestle SpatiallyLoaded:1 Bounds:IsValid=true, Min=(X=2212.823 Y=1616.376 Z=-29.043), Max=(X=2372.823 Y=1776.376 Z=50.957) RuntimeGrid:None EditorOnly:0 RuntimeOnly:0 HLODRelevant:0
 |   |   |- Guid:AD5A865D441B5CA0FB7605878ABAE1A6 BaseClass: NativeClass:/Script/Engine.VolumetricCloud Name:VolumetricCloud_0 Label:VolumetricCloud SpatiallyLoaded:0 Bounds:IsValid=true, Min=(X=0.000 Y=0.000 Z=820.000), Max=(X=0.000 Y=0.000 Z=820.000) RuntimeGrid:None EditorOnly:0 RuntimeOnly:0 HLODRelevant:0 FolderPath:Lighting FolderGuid:0BA5F0A04EADB18E70D5B180D08FA34B
 |   |   |- Guid:B01FAA944B71F7341F562587C22DC2EA BaseClass:/Game/Objects/BP_StirringSpoon.BP_StirringSpoon_C NativeClass:/Script/Engine.Actor Name:BP_StirringSpoon_C_UAID_D8BBC18EB8202AE001_2028420095 Label:BP_StirringSpoon SpatiallyLoaded:1 Bounds:IsValid=true, Min=(X=1750.000 Y=1840.000 Z=-80.000), Max=(X=1910.000 Y=2000.000 Z=80.000) RuntimeGrid:None EditorOnly:0 RuntimeOnly:0 HLODRelevant:0
 |   |   |- Guid:CBA6A0344B94B8B62BEEC08957324770 BaseClass: NativeClass:/Script/Engine.PostProcessVolume Name:PostProcessVolume_0 Label:PostProcessVolume SpatiallyLoaded:0 Bounds:IsValid=true, Min=(X=0.000 Y=0.000 Z=400.000), Max=(X=200.000 Y=200.000 Z=600.000) RuntimeGrid:None EditorOnly:0 RuntimeOnly:0 HLODRelevant:0 FolderPath:Lighting FolderGuid:0BA5F0A04EADB18E70D5B180D08FA34B
 |   |   |- Guid:CFDD91DE4861DA3F717490BB361C9F91 BaseClass:/Game/Player/BP_Player.BP_Player_C NativeClass:/Script/Engine.Character Name:Player_C_UAID_D8BBC18EB820D7DF01_2013719487 Label:Player SpatiallyLoaded:1 Bounds:IsValid=true, Min=(X=1125.611 Y=1627.923 Z=0.000), Max=(X=1211.625 Y=1712.077 Z=176.000) RuntimeGrid:None EditorOnly:0 RuntimeOnly:0 HLODRelevant:0
 |   |   |- Guid:D45870014C66312CE0793CAC4BD6A6CD BaseClass: NativeClass:/Script/Engine.PointLight Name:PointLight_UAID_00E2696DD10DD8DF01_1775463664 Label:PointLight2 SpatiallyLoaded:1 Bounds:IsValid=true, Min=(X=1250.000 Y=1050.000 Z=-790.000), Max=(X=3250.000 Y=3050.000 Z=1210.000) RuntimeGrid:None EditorOnly:0 RuntimeOnly:0 HLODRelevant:0
 |   |   |- Guid:DA5FA7204B5135F32B6CBA940F1A6B2B BaseClass: NativeClass:/Script/Engine.WorldDataLayers Name:WorldDataLayers Label:WorldDataLayers SpatiallyLoaded:0 Bounds:IsValid=true, Min=(X=0.000 Y=0.000 Z=0.000), Max=(X=0.000 Y=0.000 Z=0.000) RuntimeGrid:None EditorOnly:0 RuntimeOnly:0 HLODRelevant:0
 |   |   |- Guid:DC5626D34C2EEFBF3141A684B14F8990 BaseClass:/Game/Objects/Ingredient1.Ingredient1_C NativeClass:/Script/Engine.Actor Name:Ingredient1_C_UAID_00E2696DD10DD0DF01_1612725259 Label:Ingredient1 SpatiallyLoaded:1 Bounds:IsValid=true, Min=(X=1240.000 Y=610.000 Z=100.000), Max=(X=1400.000 Y=770.000 Z=260.000) RuntimeGrid:None EditorOnly:0 RuntimeOnly:0 HLODRelevant:0
 |   |   |- Guid:DCF04419428A4E3DB5866B874934A042 BaseClass: NativeClass:/Script/Engine.PointLight Name:PointLight_UAID_00E2696DD10DD8DF01_1786175666 Label:PointLight4 SpatiallyLoaded:1 Bounds:IsValid=true, Min=(X=260.000 Y=120.000 Z=-790.000), Max=(X=2260.000 Y=2120.000 Z=1210.000) RuntimeGrid:None EditorOnly:0 RuntimeOnly:0 HLODRelevant:0
 |   |   |- Guid:ECF484EE479D5A082AA44FB93D2439AF BaseClass: NativeClass:/Script/Engine.TextRenderActor Name:TextRenderActor_1 Label:TextRenderActor SpatiallyLoaded:1 Bounds:IsValid=true, Min=(X=-0.100 Y=1100.000 Z=65.013), Max=(X=-0.100 Y=2363.461 Z=215.013) RuntimeGrid:None EditorOnly:0 RuntimeOnly:0 HLODRelevant:0
 |   |   |- Guid:EF35525F4F758AAF426C2B84F64D67D2 BaseClass:/Game/Objects/BP_ChoppingBoard.BP_ChoppingBoard_C NativeClass:/Script/Engine.Actor Name:BP_ChoppingBoard_C_UAID_D8BBC18EB82038E001_1847313559 Label:BP_ChoppingBoard SpatiallyLoaded:1 Bounds:IsValid=true, Min=(X=2220.000 Y=1050.000 Z=-80.000), Max=(X=2460.000 Y=1290.000 Z=196.000) RuntimeGrid:None EditorOnly:0 RuntimeOnly:0 HLODRelevant:0
 |   |- [+] Clusters:
 |   |   |- [+] [  0]
 |   |   |   |- Guid:3A028F6949C3D6FAD48D7695DF15B7E8 BaseClass: NativeClass:/Script/Engine.PointLight Name:PointLight_UAID_00E2696DD10DD8DF01_1779464665 Label:PointLight3 SpatiallyLoaded:1 Bounds:IsValid=true, Min=(X=260.000 Y=1050.000 Z=-790.000), Max=(X=2260.000 Y=3050.000 Z=1210.000) RuntimeGrid:None EditorOnly:0 RuntimeOnly:0 HLODRelevant:0
 |   |   |- [+] [  1]
 |   |   |   |- Guid:ECF484EE479D5A082AA44FB93D2439AF BaseClass: NativeClass:/Script/Engine.TextRenderActor Name:TextRenderActor_1 Label:TextRenderActor SpatiallyLoaded:1 Bounds:IsValid=true, Min=(X=-0.100 Y=1100.000 Z=65.013), Max=(X=-0.100 Y=2363.461 Z=215.013) RuntimeGrid:None EditorOnly:0 RuntimeOnly:0 HLODRelevant:0
 |   |   |- [+] [  2]
 |   |   |   |- Guid:9FFAD8C842FDB0B8C64EC4BCE24DDCF4 BaseClass:/Game/Objects/BP_MortarAndPestle.BP_MortarAndPestle_C NativeClass:/Script/Engine.Actor Name:BP_MortarAndPestle_C_UAID_D8BBC18EB82039E001_1879764738 Label:BP_MortarAndPestle SpatiallyLoaded:1 Bounds:IsValid=true, Min=(X=2212.823 Y=1616.376 Z=-29.043), Max=(X=2372.823 Y=1776.376 Z=50.957) RuntimeGrid:None EditorOnly:0 RuntimeOnly:0 HLODRelevant:0
 |   |   |- [+] [  3]
 |   |   |   |- Guid:676D6BE04A08E175D1BD09A03E54940D BaseClass:/Game/Objects/BP_Fire.BP_Fire_C NativeClass:/Script/Engine.Actor Name:BP_Fire_C_UAID_D8BBC18EB82039E001_1317554736 Label:BP_Fire SpatiallyLoaded:1 Bounds:IsValid=true, Min=(X=1970.000 Y=2030.000 Z=-80.000), Max=(X=2130.000 Y=2190.000 Z=80.000) RuntimeGrid:None EditorOnly:0 RuntimeOnly:0 HLODRelevant:0
 |   |   |- [+] [  4]
 |   |   |   |- Guid:4BC11D0E48B8F153DD9F979B677F1B86 BaseClass: NativeClass:/Script/Engine.PointLight Name:PointLight_UAID_00E2696DD10DD8DF01_1773252663 Label:PointLight SpatiallyLoaded:1 Bounds:IsValid=true, Min=(X=1250.000 Y=50.000 Z=-790.000), Max=(X=3250.000 Y=2050.000 Z=1210.000) RuntimeGrid:None EditorOnly:0 RuntimeOnly:0 HLODRelevant:0
 |   |   |- [+] [  5]
 |   |   |   |- Guid:DCF04419428A4E3DB5866B874934A042 BaseClass: NativeClass:/Script/Engine.PointLight Name:PointLight_UAID_00E2696DD10DD8DF01_1786175666 Label:PointLight4 SpatiallyLoaded:1 Bounds:IsValid=true, Min=(X=260.000 Y=120.000 Z=-790.000), Max=(X=2260.000 Y=2120.000 Z=1210.000) RuntimeGrid:None EditorOnly:0 RuntimeOnly:0 HLODRelevant:0
 |   |   |- [+] [  6]
 |   |   |   |- Guid:451AF9224A7DEB0D82B261BA055F6A9C BaseClass:/Game/Objects/BP_Knife.BP_Knife_C NativeClass:/Script/Engine.Actor Name:BP_Knife_C_UAID_D8BBC18EB82039E001_1528870737 Label:BP_Knife SpatiallyLoaded:1 Bounds:IsValid=true, Min=(X=2235.298 Y=1002.346 Z=-190.470), Max=(X=2427.298 Y=1386.346 Z=449.530) RuntimeGrid:None EditorOnly:0 RuntimeOnly:0 HLODRelevant:0
 |   |   |- [+] [  7]
 |   |   |   |- Guid:77758910453077E9CC17DB9356C481BD BaseClass: NativeClass:/Script/Engine.SkyLight Name:SkyLight_0 Label:SkyLight SpatiallyLoaded:0 Bounds:IsValid=true, Min=(X=0.000 Y=0.000 Z=690.000), Max=(X=0.000 Y=0.000 Z=690.000) RuntimeGrid:None EditorOnly:0 RuntimeOnly:0 HLODRelevant:0 FolderPath:Lighting FolderGuid:0BA5F0A04EADB18E70D5B180D08FA34B
 |   |   |- [+] [  8]
 |   |   |   |- Guid:769924614502F92D0528D3830400F158 BaseClass:/Game/Objects/BP_SummoningCircle.BP_SummoningCircle_C NativeClass:/Script/Engine.Actor Name:BP_SummoningCircle_C_UAID_00E2696DD10DD0DF01_1093421256 Label:BP_SummoningCircle SpatiallyLoaded:1 Bounds:IsValid=true, Min=(X=1297.178 Y=995.613 Z=-131.039), Max=(X=1681.178 Y=1379.613 Z=12.961) RuntimeGrid:None EditorOnly:0 RuntimeOnly:0 HLODRelevant:0
 |   |   |- [+] [  9]
 |   |   |   |- Guid:0C68E5134A30B6A4D9E26B9E8095057B BaseClass: NativeClass:/Script/Engine.StaticMeshActor Name:StaticMeshActor_0 Label:SM_Cube SpatiallyLoaded:1 Bounds:IsValid=true, Min=(X=0.000 Y=0.000 Z=-50.000), Max=(X=3000.000 Y=3500.000 Z=500.000) RuntimeGrid:None EditorOnly:0 RuntimeOnly:0 HLODRelevant:1 FolderPath:Playground FolderGuid:6C02BB504B69D1F3D7A624B130C18E5B
 |   |   |- [+] [ 10]
 |   |   |   |- Guid:35926A19458D05687BB6BC9CC5BB566A BaseClass:/Game/Objects/Ingredients/BP_IngredientFinger.BP_IngredientFinger_C NativeClass:/Script/Engine.Actor Name:BP_IngredientFinger_C_UAID_D8BBC18EB820FADF01_1182263649 Label:BP_IngredientFinger SpatiallyLoaded:1 Bounds:IsValid=true, Min=(X=1132.000 Y=2002.000 Z=2.000), Max=(X=1228.000 Y=2098.000 Z=98.000) RuntimeGrid:None EditorOnly:0 RuntimeOnly:0 HLODRelevant:0
 |   |   |- [+] [ 11]
 |   |   |   |- Guid:CBA6A0344B94B8B62BEEC08957324770 BaseClass: NativeClass:/Script/Engine.PostProcessVolume Name:PostProcessVolume_0 Label:PostProcessVolume SpatiallyLoaded:0 Bounds:IsValid=true, Min=(X=0.000 Y=0.000 Z=400.000), Max=(X=200.000 Y=200.000 Z=600.000) RuntimeGrid:None EditorOnly:0 RuntimeOnly:0 HLODRelevant:0 FolderPath:Lighting FolderGuid:0BA5F0A04EADB18E70D5B180D08FA34B
 |   |   |- [+] [ 12]
 |   |   |   |- Guid:DC5626D34C2EEFBF3141A684B14F8990 BaseClass:/Game/Objects/Ingredient1.Ingredient1_C NativeClass:/Script/Engine.Actor Name:Ingredient1_C_UAID_00E2696DD10DD0DF01_1612725259 Label:Ingredient1 SpatiallyLoaded:1 Bounds:IsValid=true, Min=(X=1240.000 Y=610.000 Z=100.000), Max=(X=1400.000 Y=770.000 Z=260.000) RuntimeGrid:None EditorOnly:0 RuntimeOnly:0 HLODRelevant:0
 |   |   |- [+] [ 13]
 |   |   |   |- Guid:D45870014C66312CE0793CAC4BD6A6CD BaseClass: NativeClass:/Script/Engine.PointLight Name:PointLight_UAID_00E2696DD10DD8DF01_1775463664 Label:PointLight2 SpatiallyLoaded:1 Bounds:IsValid=true, Min=(X=1250.000 Y=1050.000 Z=-790.000), Max=(X=3250.000 Y=3050.000 Z=1210.000) RuntimeGrid:None EditorOnly:0 RuntimeOnly:0 HLODRelevant:0
 |   |   |- [+] [ 14]
 |   |   |   |- Guid:1BF9CD0C45FAD10EC5B2A19A06608777 BaseClass:/Game/Objects/Ingredient3.Ingredient3_C NativeClass:/Script/Engine.Actor Name:Ingredient3_C_UAID_00E2696DD10DD2DF01_1974711614 Label:Ingredient3 SpatiallyLoaded:1 Bounds:IsValid=true, Min=(X=1400.000 Y=1170.000 Z=-0.000), Max=(X=1560.000 Y=1330.000 Z=160.000) RuntimeGrid:None EditorOnly:0 RuntimeOnly:0 HLODRelevant:0
 |   |   |- [+] [ 15]
 |   |   |   |- Guid:9DA8D9AB446A3930A34A5FA78608D63E BaseClass: NativeClass:/Script/Engine.ExponentialHeightFog Name:ExponentialHeightFog_0 Label:ExponentialHeightFog SpatiallyLoaded:0 Bounds:IsValid=true, Min=(X=-5600.000 Y=-50.000 Z=-6850.000), Max=(X=-5600.000 Y=-50.000 Z=-6850.000) RuntimeGrid:None EditorOnly:0 RuntimeOnly:0 HLODRelevant:0 FolderPath:Lighting FolderGuid:0BA5F0A04EADB18E70D5B180D08FA34B
 |   |   |- [+] [ 16]
 |   |   |   |- Guid:DA5FA7204B5135F32B6CBA940F1A6B2B BaseClass: NativeClass:/Script/Engine.WorldDataLayers Name:WorldDataLayers Label:WorldDataLayers SpatiallyLoaded:0 Bounds:IsValid=true, Min=(X=0.000 Y=0.000 Z=0.000), Max=(X=0.000 Y=0.000 Z=0.000) RuntimeGrid:None EditorOnly:0 RuntimeOnly:0 HLODRelevant:0
 |   |   |- [+] [ 17]
 |   |   |   |- Guid:4347DD0C4A72D3ABB90160A97B3F8871 BaseClass:/Game/Objects/Ingredient2.Ingredient2_C NativeClass:/Script/Engine.Actor Name:Ingredient2_C_UAID_00E2696DD10DD2DF01_1574276613 Label:Ingredient2 SpatiallyLoaded:1 Bounds:IsValid=true, Min=(X=1200.000 Y=900.000 Z=90.000), Max=(X=1360.000 Y=1060.000 Z=250.000) RuntimeGrid:None EditorOnly:0 RuntimeOnly:0 HLODRelevant:0
 |   |   |- [+] [ 18]
 |   |   |   |- Guid:B01FAA944B71F7341F562587C22DC2EA BaseClass:/Game/Objects/BP_StirringSpoon.BP_StirringSpoon_C NativeClass:/Script/Engine.Actor Name:BP_StirringSpoon_C_UAID_D8BBC18EB8202AE001_2028420095 Label:BP_StirringSpoon SpatiallyLoaded:1 Bounds:IsValid=true, Min=(X=1750.000 Y=1840.000 Z=-80.000), Max=(X=1910.000 Y=2000.000 Z=80.000) RuntimeGrid:None EditorOnly:0 RuntimeOnly:0 HLODRelevant:0
 |   |   |- [+] [ 19]
 |   |   |   |- Guid:CFDD91DE4861DA3F717490BB361C9F91 BaseClass:/Game/Player/BP_Player.BP_Player_C NativeClass:/Script/Engine.Character Name:Player_C_UAID_D8BBC18EB820D7DF01_2013719487 Label:Player SpatiallyLoaded:1 Bounds:IsValid=true, Min=(X=1125.611 Y=1627.923 Z=0.000), Max=(X=1211.625 Y=1712.077 Z=176.000) RuntimeGrid:None EditorOnly:0 RuntimeOnly:0 HLODRelevant:0
 |   |   |- [+] [ 20]
 |   |   |   |- Guid:AD5A865D441B5CA0FB7605878ABAE1A6 BaseClass: NativeClass:/Script/Engine.VolumetricCloud Name:VolumetricCloud_0 Label:VolumetricCloud SpatiallyLoaded:0 Bounds:IsValid=true, Min=(X=0.000 Y=0.000 Z=820.000), Max=(X=0.000 Y=0.000 Z=820.000) RuntimeGrid:None EditorOnly:0 RuntimeOnly:0 HLODRelevant:0 FolderPath:Lighting FolderGuid:0BA5F0A04EADB18E70D5B180D08FA34B
 |   |   |- [+] [ 21]
 |   |   |   |- Guid:4F9EBA094C74F198AB383EB331AF9FD7 BaseClass: NativeClass:/Script/Engine.StaticMeshActor Name:StaticMeshActor_UAID_A4AE111137DC5EFB00_2001720423 Label:SM_SkySphere SpatiallyLoaded:0 Bounds:IsValid=true, Min=(X=-1638400.000 Y=-1638400.000 Z=-1638400.000), Max=(X=1638400.000 Y=1638400.000 Z=1638400.000) RuntimeGrid:None EditorOnly:0 RuntimeOnly:0 HLODRelevant:1 FolderPath:Lighting FolderGuid:0BA5F0A04EADB18E70D5B180D08FA34B
 |   |   |- [+] [ 22]
 |   |   |   |- Guid:3026913343353DEB445F11B3B1B0A55E BaseClass:/Game/Objects/Ingredients/BP_IngredientEye.BP_IngredientEye_C NativeClass:/Script/Engine.Actor Name:BP_IngredientEye_C_UAID_D8BBC18EB820F9DF01_1720485472 Label:BP_IngredientEye SpatiallyLoaded:1 Bounds:IsValid=true, Min=(X=1422.000 Y=1942.000 Z=32.000), Max=(X=1518.000 Y=2038.000 Z=128.000) RuntimeGrid:None EditorOnly:0 RuntimeOnly:0 HLODRelevant:0
 |   |   |- [+] [ 23]
 |   |   |   |- Guid:24B387DF4E7136E23FD4E795767D22B3 BaseClass: NativeClass:/Script/Engine.DirectionalLight Name:DirectionalLight_1 Label:DirectionalLight SpatiallyLoaded:0 Bounds:IsValid=true, Min=(X=-4398046511104.000 Y=-4398046511104.000 Z=-4398046511104.000), Max=(X=4398046511104.000 Y=4398046511104.000 Z=4398046511104.000) RuntimeGrid:None EditorOnly:0 RuntimeOnly:0 HLODRelevant:0 FolderPath:Lighting FolderGuid:0BA5F0A04EADB18E70D5B180D08FA34B
 |   |   |- [+] [ 24]
 |   |   |   |- Guid:81501F6C401222B5B5B8BF82834498B3 BaseClass:/Game/Objects/Ingredients/BP_IngredientCarrot.BP_IngredientCarrot_C NativeClass:/Script/Engine.Actor Name:BP_IngredientCarrot_C_UAID_D8BBC18EB820F9DF01_1352631471 Label:BP_IngredientCarrot SpatiallyLoaded:1 Bounds:IsValid=true, Min=(X=1292.000 Y=2012.000 Z=32.000), Max=(X=1388.000 Y=2108.000 Z=128.000) RuntimeGrid:None EditorOnly:0 RuntimeOnly:0 HLODRelevant:0
 |   |   |- [+] [ 25]
 |   |   |   |- Guid:30D94C06485E3EE109EDE2A49807699E BaseClass: NativeClass:/Script/Engine.PlayerStart Name:PlayerStart_0 Label:PlayerStart SpatiallyLoaded:0 Bounds:IsValid=true, Min=(X=2740.000 Y=1470.000 Z=0.013), Max=(X=2820.000 Y=1550.000 Z=184.013) RuntimeGrid:None EditorOnly:0 RuntimeOnly:0 HLODRelevant:0
 |   |   |- [+] [ 26]
 |   |   |   |- Guid:016FE7A44AB6900436C2FFA4E91199F3 BaseClass: NativeClass:/Script/Engine.SkyAtmosphere Name:SkyAtmosphere_0 Label:SkyAtmosphere SpatiallyLoaded:0 Bounds:IsValid=true, Min=(X=0.000 Y=0.000 Z=1020.000), Max=(X=0.000 Y=0.000 Z=1020.000) RuntimeGrid:None EditorOnly:0 RuntimeOnly:0 HLODRelevant:0 FolderPath:Lighting FolderGuid:0BA5F0A04EADB18E70D5B180D08FA34B
 |   |   |- [+] [ 27]
 |   |   |   |- Guid:3C52D8014E2E4E3DD87D6ABFC9550F4F BaseClass:/Game/Objects/BP_Cauldron.BP_Cauldron_C NativeClass:/Script/Engine.Actor Name:BP_Cauldron_C_UAID_00E2696DD10DCFDF01_2100869079 Label:BP_Cauldron SpatiallyLoaded:1 Bounds:IsValid=true, Min=(X=1360.000 Y=1590.000 Z=-386.000), Max=(X=1640.000 Y=1870.000 Z=426.000) RuntimeGrid:None EditorOnly:0 RuntimeOnly:0 HLODRelevant:0
 |   |   |- [+] [ 28]
 |   |   |   |- Guid:EF35525F4F758AAF426C2B84F64D67D2 BaseClass:/Game/Objects/BP_ChoppingBoard.BP_ChoppingBoard_C NativeClass:/Script/Engine.Actor Name:BP_ChoppingBoard_C_UAID_D8BBC18EB82038E001_1847313559 Label:BP_ChoppingBoard SpatiallyLoaded:1 Bounds:IsValid=true, Min=(X=2220.000 Y=1050.000 Z=-80.000), Max=(X=2460.000 Y=1290.000 Z=196.000) RuntimeGrid:None EditorOnly:0 RuntimeOnly:0 HLODRelevant:0
 |- ContainerInstances:
 |- [+] MainContainer:
 |   |-        ID: 0x0000000000000000
 |   |-    Bounds: IsValid=false, Min=(X=0.000 Y=0.000 Z=0.000), Max=(X=0.000 Y=0.000 Z=0.000)
 |   |- Transform: 0.000000,0.000000,0.000000|0.000000,0.000000,-0.000000|1.000000,1.000000,1.000000
 |   |- Container: /Game/Finnmap
----------------------------------------------------------------------------------------------------------------
Finnmap - Persistent Level
----------------------------------------------------------------------------------------------------------------
Always loaded Actor Count: 36 

----------------------------------------------------------------------------------------------------------------
Finnmap - Runtime Spatial Hash - Streaming Grid - MainGrid
----------------------------------------------------------------------------------------------------------------
            Origin: X=0.000 Y=0.000 Z=0.000
         Cell Size: 12800
      World Bounds: IsValid=false, Min=(X=0.000 Y=0.000 Z=0.000), Max=(X=0.000 Y=0.000 Z=0.000)
     Loading Range: 25600.00
Block Slow Loading: No
 ClientOnlyVisible: No

[+] Grid Levels: 1
 |- Level  0: Cell Count    0 | Cell Size   12800 | Actor Count    0 (0.0%)

[+] Content of Grid Level 0

